2014-10-20 10:35:42,139 DEBUG - SearchFormMiniPanel        - HERP
2014-10-20 10:43:08,200 DEBUG - SearchFormMiniPanel        - Search text: 
2014-10-20 10:45:48,903 DEBUG - SearchFormMiniPanel        - Search text: 
2014-10-20 10:47:41,270 DEBUG - SearchFormMiniPanel        - Search text: 
2014-10-20 10:49:08,440 DEBUG - SearchFormMiniPanel        - Basic search: 
2014-10-20 10:49:08,447 DEBUG - SearchFormMiniPanel        - Search text: 
2014-10-20 10:50:31,392 DEBUG - SearchFormMiniPanel        - Text: 
2014-10-20 10:50:35,945 DEBUG - SearchFormMiniPanel        - Text: 
2014-10-20 10:50:35,953 DEBUG - SearchFormMiniPanel        - Search text: 
2014-10-20 11:18:50,734 DEBUG - SearchFormMiniPanel        - Search: 
2014-10-20 11:18:55,765 DEBUG - SearchFormMiniPanel        - Search: 
2014-10-20 11:20:53,102 DEBUG - SearchFormMiniPanel        - Search: 
2014-10-20 11:20:57,229 DEBUG - SearchFormMiniPanel        - Search: 
2014-10-20 11:20:57,229 DEBUG - SearchFormMiniPanel        - DERP
2014-10-20 11:22:06,508 DEBUG - SearchFormMiniPanel        - Search: 
2014-10-20 11:22:10,786 DEBUG - SearchFormMiniPanel        - Search: 
2014-10-20 11:23:13,939 DEBUG - SearchFormMiniPanel        - Search: 
2014-10-20 11:23:17,463 DEBUG - SearchFormMiniPanel        - Search: 
2014-10-20 11:23:24,510 DEBUG - SearchFormMiniPanel        - Search: 
2014-10-20 11:23:25,456 DEBUG - SearchFormMiniPanel        - Search: 
2014-10-20 11:23:29,477 DEBUG - SearchFormMiniPanel        - Search: 
2014-10-20 11:23:36,768 DEBUG - SearchFormMiniPanel        - Search: 
2014-10-20 11:23:39,926 DEBUG - SearchFormMiniPanel        - Search: 
2014-10-20 11:24:41,644 DEBUG - SearchFormMiniPanel        - Search: 
2014-10-20 11:24:47,177 DEBUG - SearchFormMiniPanel        - Search: 
2014-10-20 11:24:47,177 DEBUG - SearchFormMiniPanel        - DERP
2014-10-20 11:24:54,690 DEBUG - SearchFormMiniPanel        - Search: 
2014-10-20 11:24:58,269 DEBUG - SearchFormMiniPanel        - Search: 
2014-10-20 11:24:58,269 DEBUG - SearchFormMiniPanel        - DERP
2014-10-20 11:25:05,316 DEBUG - SearchFormMiniPanel        - Search: 
2014-10-20 11:25:08,137 DEBUG - SearchFormMiniPanel        - Search: 
2014-10-20 11:25:08,137 DEBUG - SearchFormMiniPanel        - DERP
2014-10-20 11:26:03,690 DEBUG - SearchFormMiniPanel        - Search: 
2014-10-20 11:26:07,725 DEBUG - SearchFormMiniPanel        - Search: 
2014-10-20 11:30:32,310 DEBUG - SearchFormMiniPanel        - Search: 
2014-10-20 11:30:36,872 DEBUG - SearchFormMiniPanel        - Search: 
2014-10-20 11:30:36,872 DEBUG - SearchFormMiniPanel        - DERP
2014-10-20 11:30:55,912 DEBUG - SearchFormMiniPanel        - Search: 
2014-10-20 11:30:58,867 DEBUG - SearchFormMiniPanel        - Search: 
2014-10-20 11:30:58,867 DEBUG - SearchFormMiniPanel        - DERP
2014-10-20 11:31:05,382 DEBUG - SearchFormMiniPanel        - Search: 
2014-10-20 11:31:08,722 DEBUG - SearchFormMiniPanel        - Search: 
2014-10-20 11:31:08,723 DEBUG - SearchFormMiniPanel        - DERP
2014-10-20 11:32:01,012 DEBUG - SearchFormMiniPanel        - Search: 
2014-10-20 11:32:05,326 DEBUG - SearchFormMiniPanel        - Search: 
2014-10-20 14:57:00,851 DEBUG - SearchFormMiniPanel        - Search: 
2014-10-20 14:57:05,341 INFO  - SearchFormPanel            - Searching for: herp
2014-10-20 14:57:05,342 DEBUG - SearchFormMiniPanel        - Search: 
2014-10-20 15:01:26,782 DEBUG - SearchFormMiniPanel        - Search: 
2014-10-20 15:01:32,113 DEBUG - SearchFormMiniPanel        - HAAAAARP
2014-10-20 15:01:32,115 INFO  - SearchFormPanel            - Searching for: herp
2014-10-20 15:01:32,115 DEBUG - SearchFormMiniPanel        - Search: 
2014-10-20 15:03:48,955 DEBUG - SearchFormMiniPanel        - Search: 
2014-10-20 15:03:52,537 INFO  - SearchFormPanel            - Searching for: herp
2014-10-20 15:03:52,537 DEBUG - SearchFormMiniPanel        - Search: 
2014-10-20 15:11:19,587 DEBUG - SearchFormMiniPanel        - Search: 
2014-10-20 15:11:23,791 INFO  - SearchFormPanel            - Searching for: herp
2014-10-20 15:11:23,791 DEBUG - SearchFormMiniPanel        - Search: 
2014-10-20 15:13:22,752 DEBUG - SearchFormMiniPanel        - Search: 
2014-10-20 15:13:30,405 DEBUG - SearchFormMiniPanel        - HAAAAAAARP
2014-10-20 15:13:30,405 DEBUG - SearchFormMiniPanel        - DINKLEDEEERP
2014-10-20 15:13:30,407 INFO  - SearchFormPanel            - Searching for: herp
2014-10-20 15:13:30,407 DEBUG - SearchFormMiniPanel        - Search: 
2014-10-20 15:17:32,829 DEBUG - SearchFormMiniPanel        - HAAAAAAARP
2014-10-20 15:17:32,829 DEBUG - SearchFormMiniPanel        - DINKLEDEEERP
2014-10-20 15:17:32,830 INFO  - SearchFormPanel            - Searching for: herp
2014-10-20 15:17:32,830 DEBUG - SearchFormMiniPanel        - Search: 
2014-10-20 15:20:19,329 DEBUG - SearchFormMiniPanel        - Search: 
2014-10-20 15:20:23,415 INFO  - SearchFormPanel            - Searching for: herp
2014-10-20 15:20:23,415 DEBUG - SearchFormMiniPanel        - Search: 
2014-10-20 15:20:23,415 DEBUG - SearchFormMiniPanel        - HERPADERP: herp
2014-10-20 15:24:23,209 DEBUG - SearchFormMiniPanel        - Search: 
2014-10-20 15:24:27,513 INFO  - SearchFormPanel            - Searching for: herp
2014-10-20 15:24:27,513 DEBUG - SearchFormMiniPanel        - Search: 
2014-10-20 15:24:27,513 DEBUG - SearchFormMiniPanel        - HERPADERP: herp
